e:\toby\faculta\an3\semestru_1\pg\opengllab12\opengllab12\x64\debug\vc143.pdb
e:\toby\faculta\an3\semestru_1\pg\opengllab12\opengllab12\x64\debug\vc143.idb
e:\toby\faculta\an3\semestru_1\pg\opengllab12\opengllab12\x64\debug\tiny_obj_loader.obj
e:\toby\faculta\an3\semestru_1\pg\opengllab12\opengllab12\x64\debug\stb_image.obj
e:\toby\faculta\an3\semestru_1\pg\opengllab12\opengllab12\x64\debug\skybox.obj
e:\toby\faculta\an3\semestru_1\pg\opengllab12\opengllab12\x64\debug\shader.obj
e:\toby\faculta\an3\semestru_1\pg\opengllab12\opengllab12\x64\debug\model3d.obj
e:\toby\faculta\an3\semestru_1\pg\opengllab12\opengllab12\x64\debug\mesh.obj
e:\toby\faculta\an3\semestru_1\pg\opengllab12\opengllab12\x64\debug\camera.obj
e:\toby\faculta\an3\semestru_1\pg\opengllab12\opengllab12\x64\debug\main.obj
e:\toby\faculta\an3\semestru_1\pg\opengllab12\x64\debug\opengllab12.exe
e:\toby\faculta\an3\semestru_1\pg\opengllab12\opengllab12\x64\debug\opengllab12.ilk
e:\toby\faculta\an3\semestru_1\pg\opengllab12\x64\debug\opengllab12.pdb
e:\toby\faculta\an3\semestru_1\pg\opengllab12\opengllab12\x64\debug\opengllab12.tlog\cl.command.1.tlog
e:\toby\faculta\an3\semestru_1\pg\opengllab12\opengllab12\x64\debug\opengllab12.tlog\cl.items.tlog
e:\toby\faculta\an3\semestru_1\pg\opengllab12\opengllab12\x64\debug\opengllab12.tlog\cl.read.1.tlog
e:\toby\faculta\an3\semestru_1\pg\opengllab12\opengllab12\x64\debug\opengllab12.tlog\cl.write.1.tlog
e:\toby\faculta\an3\semestru_1\pg\opengllab12\opengllab12\x64\debug\opengllab12.tlog\link.command.1.tlog
e:\toby\faculta\an3\semestru_1\pg\opengllab12\opengllab12\x64\debug\opengllab12.tlog\link.read.1.tlog
e:\toby\faculta\an3\semestru_1\pg\opengllab12\opengllab12\x64\debug\opengllab12.tlog\link.write.1.tlog
